<?xml version="1.0" encoding="UTF-8"?>
<TestRun id="955e3c78-a09a-4ce6-acd0-89b996bed1fd" name="TacaK@TACAK-PC 2012-03-29 23:18:10" runUser="TacaK-PC\TacaK" xmlns="http://microsoft.com/schemas/VisualStudio/TeamTest/2010">
  <TestSettings name="ローカル" id="2b7cf545-bf71-462b-a7f2-8d46051b43ad">
    <Description>これらはローカル テスト実行用の既定のテスト設定です。</Description>
    <Deployment enabled="false" runDeploymentRoot="TacaK_TACAK-PC 2012-03-29 23_18_10">
      <DeploymentItem filename="E:\My.NETProjects\MolesSample\MolesSample_Test\MolesAssemblies\MolesSample.Moles.dll" />
      <DeploymentItem filename="E:\My.NETProjects\MolesSample\MolesSample\bin\Debug\MolesSample.dll" />
    </Deployment>
    <Execution>
      <TestTypeSpecific />
      <AgentRule name="Execution Agents">
      </AgentRule>
    </Execution>
  </TestSettings>
  <Times creation="2012-03-29T23:18:10.3181576+09:00" queuing="2012-03-29T23:18:11.7381596+09:00" start="2012-03-29T23:18:11.7881596+09:00" finish="2012-03-29T23:18:15.7701798+09:00" />
  <ResultSummary outcome="Completed">
    <Counters total="1" executed="1" passed="1" error="0" failed="0" timeout="0" aborted="0" inconclusive="0" passedButRunAborted="0" notRunnable="0" notExecuted="0" disconnected="0" warning="0" completed="0" inProgress="0" pending="0" />
  </ResultSummary>
  <TestDefinitions>
    <UnitTest name="MockTest" storage="e:\my.netprojects\molessample\molessample_test\bin\debug\molessample_test.dll" id="86c29efe-4e54-941e-be02-6b51dc8cec04">
      <Execution id="8c360862-2391-4645-9fa6-8cae8dc577b2" />
      <TestMethod codeBase="E:/My.NETProjects/MolesSample/MolesSample_Test/bin/Debug/MolesSample_Test.DLL" adapterTypeName="Microsoft.VisualStudio.TestTools.TestTypes.Unit.UnitTestAdapter, Microsoft.VisualStudio.QualityTools.Tips.UnitTest.Adapter, Version=10.0.0.0, Culture=neutral, PublicKeyToken=b03f5f7f11d50a3a" className="MolesSample_Test.UnitTest1, MolesSample_Test, Version=1.0.0.0, Culture=neutral, PublicKeyToken=null" name="MockTest" />
    </UnitTest>
  </TestDefinitions>
  <TestLists>
    <TestList name="一覧に存在しない結果" id="8c84fa94-04c1-424b-9868-57a2d4851a1d" />
    <TestList name="読み込まれたすべての結果" id="19431567-8539-422a-85d7-44ee4e166bda" />
  </TestLists>
  <TestEntries>
    <TestEntry testId="86c29efe-4e54-941e-be02-6b51dc8cec04" executionId="8c360862-2391-4645-9fa6-8cae8dc577b2" testListId="8c84fa94-04c1-424b-9868-57a2d4851a1d" />
  </TestEntries>
  <Results>
    <UnitTestResult executionId="8c360862-2391-4645-9fa6-8cae8dc577b2" testId="86c29efe-4e54-941e-be02-6b51dc8cec04" testName="MockTest" computerName="TACAK-PC" duration="00:00:00.1061051" startTime="2012-03-29T23:18:12.2831701+09:00" endTime="2012-03-29T23:18:15.7201798+09:00" testType="13cdc9d9-ddb5-4fa4-a97d-d965ccfc6d4b" outcome="Passed" testListId="8c84fa94-04c1-424b-9868-57a2d4851a1d" relativeResultsDirectory="8c360862-2391-4645-9fa6-8cae8dc577b2">
    </UnitTestResult>
  </Results>
</TestRun>