<?xml version="1.0" encoding="UTF-8"?>
<TestRun id="5b750062-0902-4ed9-890d-f0e7c4b7e970" name="TacaK@TACAK-PC 2012-03-30 00:06:49" runUser="TacaK-PC\TacaK" xmlns="http://microsoft.com/schemas/VisualStudio/TeamTest/2010">
  <TestSettings name="ローカル" id="214b49c9-8d3d-4aba-9570-7324cd6279d4">
    <Description>これらはローカル テスト実行用の既定のテスト設定です。</Description>
    <Deployment enabled="false" runDeploymentRoot="TacaK_TACAK-PC 2012-03-30 00_06_49">
      <DeploymentItem filename="E:\My.NETProjects\MockTest2\MockTest2\bin\Debug\MockTest2.dll" />
      <DeploymentItem filename="E:\My.NETProjects\MockTest2\TestProject1\MolesAssemblies\MockTest2.Moles.dll" />
    </Deployment>
    <Execution>
      <TestTypeSpecific />
      <AgentRule name="Execution Agents">
      </AgentRule>
    </Execution>
  </TestSettings>
  <Times creation="2012-03-30T00:06:49.5560789+09:00" queuing="2012-03-30T00:06:49.5830805+09:00" start="2012-03-30T00:06:49.6090820+09:00" finish="2012-03-30T00:06:52.2116873+09:00" />
  <ResultSummary outcome="Failed">
    <Counters total="2" executed="2" passed="1" error="0" failed="1" timeout="0" aborted="0" inconclusive="0" passedButRunAborted="0" notRunnable="0" notExecuted="0" disconnected="0" warning="0" completed="0" inProgress="0" pending="0" />
  </ResultSummary>
  <TestDefinitions>
    <UnitTest name="TestMethod1" storage="e:\my.netprojects\mocktest2\testproject1\bin\debug\testproject1.dll" id="59863143-3238-122e-4d8a-637b491cc755">
      <Execution id="7e543b34-75b9-4be8-9d70-c3d923d42eb9" />
      <TestMethod codeBase="E:/My.NETProjects/MockTest2/TestProject1/bin/Debug/TestProject1.DLL" adapterTypeName="Microsoft.VisualStudio.TestTools.TestTypes.Unit.UnitTestAdapter, Microsoft.VisualStudio.QualityTools.Tips.UnitTest.Adapter, Version=10.0.0.0, Culture=neutral, PublicKeyToken=b03f5f7f11d50a3a" className="TestProject1.UnitTest1, TestProject1, Version=1.0.0.0, Culture=neutral, PublicKeyToken=null" name="TestMethod1" />
    </UnitTest>
    <UnitTest name="TestMethod2" storage="e:\my.netprojects\mocktest2\testproject1\bin\debug\testproject1.dll" id="9381223e-8095-9777-a0c7-26043045171c">
      <Execution id="58f46e3b-d52f-4ab6-8278-1b4d72db96ed" />
      <TestMethod codeBase="E:/My.NETProjects/MockTest2/TestProject1/bin/Debug/TestProject1.DLL" adapterTypeName="Microsoft.VisualStudio.TestTools.TestTypes.Unit.UnitTestAdapter, Microsoft.VisualStudio.QualityTools.Tips.UnitTest.Adapter, Version=10.0.0.0, Culture=neutral, PublicKeyToken=b03f5f7f11d50a3a" className="TestProject1.UnitTest1, TestProject1, Version=1.0.0.0, Culture=neutral, PublicKeyToken=null" name="TestMethod2" />
    </UnitTest>
  </TestDefinitions>
  <TestLists>
    <TestList name="一覧に存在しない結果" id="8c84fa94-04c1-424b-9868-57a2d4851a1d" />
    <TestList name="読み込まれたすべての結果" id="19431567-8539-422a-85d7-44ee4e166bda" />
  </TestLists>
  <TestEntries>
    <TestEntry testId="59863143-3238-122e-4d8a-637b491cc755" executionId="7e543b34-75b9-4be8-9d70-c3d923d42eb9" testListId="8c84fa94-04c1-424b-9868-57a2d4851a1d" />
    <TestEntry testId="9381223e-8095-9777-a0c7-26043045171c" executionId="58f46e3b-d52f-4ab6-8278-1b4d72db96ed" testListId="8c84fa94-04c1-424b-9868-57a2d4851a1d" />
  </TestEntries>
  <Results>
    <UnitTestResult executionId="7e543b34-75b9-4be8-9d70-c3d923d42eb9" testId="59863143-3238-122e-4d8a-637b491cc755" testName="TestMethod1" computerName="TACAK-PC" duration="00:00:00.1166076" startTime="2012-03-30T00:06:49.6120821+09:00" endTime="2012-03-30T00:06:52.1180871+09:00" testType="13cdc9d9-ddb5-4fa4-a97d-d965ccfc6d4b" outcome="Failed" testListId="8c84fa94-04c1-424b-9868-57a2d4851a1d" relativeResultsDirectory="7e543b34-75b9-4be8-9d70-c3d923d42eb9">
      <Output>
        <ErrorInfo>
          <Message>Assert.AreEqual に失敗しました。&lt;19&gt; が必要ですが、&lt;22&gt; が指定されました。</Message>
          <StackTrace>   場所 TestProject1.UnitTest1.TestMethod1() 場所 E:\My.NETProjects\MockTest2\TestProject1\UnitTest1.cs:行 70
</StackTrace>
        </ErrorInfo>
      </Output>
    </UnitTestResult>
    <UnitTestResult executionId="58f46e3b-d52f-4ab6-8278-1b4d72db96ed" testId="9381223e-8095-9777-a0c7-26043045171c" testName="TestMethod2" computerName="TACAK-PC" duration="00:00:00.0441378" startTime="2012-03-30T00:06:52.1180871+09:00" endTime="2012-03-30T00:06:52.1648872+09:00" testType="13cdc9d9-ddb5-4fa4-a97d-d965ccfc6d4b" outcome="Passed" testListId="8c84fa94-04c1-424b-9868-57a2d4851a1d" relativeResultsDirectory="58f46e3b-d52f-4ab6-8278-1b4d72db96ed">
    </UnitTestResult>
  </Results>
</TestRun>